I, [2014-11-10T11:45:03.861087 #45190]  INFO -- : Started GET "/" for 192.168.234.1 at 2014-11-10 11:45:03 +0800
I, [2014-11-10T11:45:03.878973 #45190]  INFO -- : Processing by WelcomeController#index as HTML
I, [2014-11-10T11:45:03.908640 #45190]  INFO -- :   Rendered welcome/index.html.haml within layouts/application (9.2ms)
I, [2014-11-10T11:45:03.915559 #45190]  INFO -- :   Rendered /home/erwinkarim/.rvm/gems/ruby-2.1.3/gems/paloma-4.1.1/app/views/paloma/_hook.html.erb (1.2ms)
I, [2014-11-10T11:45:03.915896 #45190]  INFO -- : Completed 200 OK in 37ms (Views: 17.9ms | ActiveRecord: 0.0ms)
I, [2014-11-10T11:45:04.048896 #45192]  INFO -- : Started GET "/assets/application-c39a98538613da2bc810fcd167105fed.js" for 192.168.234.1 at 2014-11-10 11:45:04 +0800
I, [2014-11-10T11:45:04.050623 #45195]  INFO -- : Started GET "/assets/application-c46cb1eaa1efcc05129282f29255be04.css" for 192.168.234.1 at 2014-11-10 11:45:04 +0800
F, [2014-11-10T11:45:04.075527 #45192] FATAL -- : 
ActionController::RoutingError (No route matches [GET] "/assets/application-c39a98538613da2bc810fcd167105fed.js"):
  actionpack (4.1.0) lib/action_dispatch/middleware/debug_exceptions.rb:21:in `call'
  actionpack (4.1.0) lib/action_dispatch/middleware/show_exceptions.rb:30:in `call'
  railties (4.1.0) lib/rails/rack/logger.rb:38:in `call_app'
  railties (4.1.0) lib/rails/rack/logger.rb:20:in `block in call'
  activesupport (4.1.0) lib/active_support/tagged_logging.rb:68:in `block in tagged'
  activesupport (4.1.0) lib/active_support/tagged_logging.rb:26:in `tagged'
  activesupport (4.1.0) lib/active_support/tagged_logging.rb:68:in `tagged'
  railties (4.1.0) lib/rails/rack/logger.rb:20:in `call'
  actionpack (4.1.0) lib/action_dispatch/middleware/request_id.rb:21:in `call'
  rack (1.5.2) lib/rack/methodoverride.rb:21:in `call'
  rack (1.5.2) lib/rack/runtime.rb:17:in `call'
  activesupport (4.1.0) lib/active_support/cache/strategy/local_cache_middleware.rb:26:in `call'
  rack (1.5.2) lib/rack/sendfile.rb:112:in `call'
  railties (4.1.0) lib/rails/engine.rb:514:in `call'
  railties (4.1.0) lib/rails/application.rb:144:in `call'
  unicorn (4.8.3) lib/unicorn/http_server.rb:576:in `process_client'
  unicorn (4.8.3) lib/unicorn/http_server.rb:670:in `worker_loop'
  unicorn (4.8.3) lib/unicorn/http_server.rb:525:in `spawn_missing_workers'
  unicorn (4.8.3) lib/unicorn/http_server.rb:140:in `start'
  unicorn (4.8.3) bin/unicorn_rails:209:in `<top (required)>'
  /home/erwinkarim/.rvm/gems/ruby-2.1.3/bin/unicorn_rails:23:in `load'
  /home/erwinkarim/.rvm/gems/ruby-2.1.3/bin/unicorn_rails:23:in `<main>'
  /home/erwinkarim/.rvm/gems/ruby-2.1.3/bin/ruby_executable_hooks:15:in `eval'
  /home/erwinkarim/.rvm/gems/ruby-2.1.3/bin/ruby_executable_hooks:15:in `<main>'


F, [2014-11-10T11:45:04.080970 #45195] FATAL -- : 
ActionController::RoutingError (No route matches [GET] "/assets/application-c46cb1eaa1efcc05129282f29255be04.css"):
  actionpack (4.1.0) lib/action_dispatch/middleware/debug_exceptions.rb:21:in `call'
  actionpack (4.1.0) lib/action_dispatch/middleware/show_exceptions.rb:30:in `call'
  railties (4.1.0) lib/rails/rack/logger.rb:38:in `call_app'
  railties (4.1.0) lib/rails/rack/logger.rb:20:in `block in call'
  activesupport (4.1.0) lib/active_support/tagged_logging.rb:68:in `block in tagged'
  activesupport (4.1.0) lib/active_support/tagged_logging.rb:26:in `tagged'
  activesupport (4.1.0) lib/active_support/tagged_logging.rb:68:in `tagged'
  railties (4.1.0) lib/rails/rack/logger.rb:20:in `call'
  actionpack (4.1.0) lib/action_dispatch/middleware/request_id.rb:21:in `call'
  rack (1.5.2) lib/rack/methodoverride.rb:21:in `call'
  rack (1.5.2) lib/rack/runtime.rb:17:in `call'
  activesupport (4.1.0) lib/active_support/cache/strategy/local_cache_middleware.rb:26:in `call'
  rack (1.5.2) lib/rack/sendfile.rb:112:in `call'
  railties (4.1.0) lib/rails/engine.rb:514:in `call'
  railties (4.1.0) lib/rails/application.rb:144:in `call'
  unicorn (4.8.3) lib/unicorn/http_server.rb:576:in `process_client'
  unicorn (4.8.3) lib/unicorn/http_server.rb:670:in `worker_loop'
  unicorn (4.8.3) lib/unicorn/http_server.rb:525:in `spawn_missing_workers'
  unicorn (4.8.3) lib/unicorn/http_server.rb:140:in `start'
  unicorn (4.8.3) bin/unicorn_rails:209:in `<top (required)>'
  /home/erwinkarim/.rvm/gems/ruby-2.1.3/bin/unicorn_rails:23:in `load'
  /home/erwinkarim/.rvm/gems/ruby-2.1.3/bin/unicorn_rails:23:in `<main>'
  /home/erwinkarim/.rvm/gems/ruby-2.1.3/bin/ruby_executable_hooks:15:in `eval'
  /home/erwinkarim/.rvm/gems/ruby-2.1.3/bin/ruby_executable_hooks:15:in `<main>'


I, [2014-11-10T11:45:05.961971 #45195]  INFO -- : Started GET "/sample.jpg" for 192.168.234.1 at 2014-11-10 11:45:05 +0800
F, [2014-11-10T11:45:05.963701 #45195] FATAL -- : 
ActionController::RoutingError (No route matches [GET] "/sample.jpg"):
  actionpack (4.1.0) lib/action_dispatch/middleware/debug_exceptions.rb:21:in `call'
  actionpack (4.1.0) lib/action_dispatch/middleware/show_exceptions.rb:30:in `call'
  railties (4.1.0) lib/rails/rack/logger.rb:38:in `call_app'
  railties (4.1.0) lib/rails/rack/logger.rb:20:in `block in call'
  activesupport (4.1.0) lib/active_support/tagged_logging.rb:68:in `block in tagged'
  activesupport (4.1.0) lib/active_support/tagged_logging.rb:26:in `tagged'
  activesupport (4.1.0) lib/active_support/tagged_logging.rb:68:in `tagged'
  railties (4.1.0) lib/rails/rack/logger.rb:20:in `call'
  actionpack (4.1.0) lib/action_dispatch/middleware/request_id.rb:21:in `call'
  rack (1.5.2) lib/rack/methodoverride.rb:21:in `call'
  rack (1.5.2) lib/rack/runtime.rb:17:in `call'
  activesupport (4.1.0) lib/active_support/cache/strategy/local_cache_middleware.rb:26:in `call'
  rack (1.5.2) lib/rack/sendfile.rb:112:in `call'
  railties (4.1.0) lib/rails/engine.rb:514:in `call'
  railties (4.1.0) lib/rails/application.rb:144:in `call'
  unicorn (4.8.3) lib/unicorn/http_server.rb:576:in `process_client'
  unicorn (4.8.3) lib/unicorn/http_server.rb:670:in `worker_loop'
  unicorn (4.8.3) lib/unicorn/http_server.rb:525:in `spawn_missing_workers'
  unicorn (4.8.3) lib/unicorn/http_server.rb:140:in `start'
  unicorn (4.8.3) bin/unicorn_rails:209:in `<top (required)>'
  /home/erwinkarim/.rvm/gems/ruby-2.1.3/bin/unicorn_rails:23:in `load'
  /home/erwinkarim/.rvm/gems/ruby-2.1.3/bin/unicorn_rails:23:in `<main>'
  /home/erwinkarim/.rvm/gems/ruby-2.1.3/bin/ruby_executable_hooks:15:in `eval'
  /home/erwinkarim/.rvm/gems/ruby-2.1.3/bin/ruby_executable_hooks:15:in `<main>'


I, [2014-11-10T11:45:06.392635 #45190]  INFO -- : Started GET "/favicon.ico" for 192.168.234.1 at 2014-11-10 11:45:06 +0800
F, [2014-11-10T11:45:06.397338 #45190] FATAL -- : 
ActionController::RoutingError (No route matches [GET] "/favicon.ico"):
  actionpack (4.1.0) lib/action_dispatch/middleware/debug_exceptions.rb:21:in `call'
  actionpack (4.1.0) lib/action_dispatch/middleware/show_exceptions.rb:30:in `call'
  railties (4.1.0) lib/rails/rack/logger.rb:38:in `call_app'
  railties (4.1.0) lib/rails/rack/logger.rb:20:in `block in call'
  activesupport (4.1.0) lib/active_support/tagged_logging.rb:68:in `block in tagged'
  activesupport (4.1.0) lib/active_support/tagged_logging.rb:26:in `tagged'
  activesupport (4.1.0) lib/active_support/tagged_logging.rb:68:in `tagged'
  railties (4.1.0) lib/rails/rack/logger.rb:20:in `call'
  actionpack (4.1.0) lib/action_dispatch/middleware/request_id.rb:21:in `call'
  rack (1.5.2) lib/rack/methodoverride.rb:21:in `call'
  rack (1.5.2) lib/rack/runtime.rb:17:in `call'
  activesupport (4.1.0) lib/active_support/cache/strategy/local_cache_middleware.rb:26:in `call'
  rack (1.5.2) lib/rack/sendfile.rb:112:in `call'
  railties (4.1.0) lib/rails/engine.rb:514:in `call'
  railties (4.1.0) lib/rails/application.rb:144:in `call'
  unicorn (4.8.3) lib/unicorn/http_server.rb:576:in `process_client'
  unicorn (4.8.3) lib/unicorn/http_server.rb:670:in `worker_loop'
  unicorn (4.8.3) lib/unicorn/http_server.rb:525:in `spawn_missing_workers'
  unicorn (4.8.3) lib/unicorn/http_server.rb:140:in `start'
  unicorn (4.8.3) bin/unicorn_rails:209:in `<top (required)>'
  /home/erwinkarim/.rvm/gems/ruby-2.1.3/bin/unicorn_rails:23:in `load'
  /home/erwinkarim/.rvm/gems/ruby-2.1.3/bin/unicorn_rails:23:in `<main>'
  /home/erwinkarim/.rvm/gems/ruby-2.1.3/bin/ruby_executable_hooks:15:in `eval'
  /home/erwinkarim/.rvm/gems/ruby-2.1.3/bin/ruby_executable_hooks:15:in `<main>'


I, [2014-11-10T11:45:12.028346 #45192]  INFO -- : Started GET "/assets/application-c46cb1eaa1efcc05129282f29255be04.css" for 192.168.234.1 at 2014-11-10 11:45:12 +0800
F, [2014-11-10T11:45:12.030194 #45192] FATAL -- : 
ActionController::RoutingError (No route matches [GET] "/assets/application-c46cb1eaa1efcc05129282f29255be04.css"):
  actionpack (4.1.0) lib/action_dispatch/middleware/debug_exceptions.rb:21:in `call'
  actionpack (4.1.0) lib/action_dispatch/middleware/show_exceptions.rb:30:in `call'
  railties (4.1.0) lib/rails/rack/logger.rb:38:in `call_app'
  railties (4.1.0) lib/rails/rack/logger.rb:20:in `block in call'
  activesupport (4.1.0) lib/active_support/tagged_logging.rb:68:in `block in tagged'
  activesupport (4.1.0) lib/active_support/tagged_logging.rb:26:in `tagged'
  activesupport (4.1.0) lib/active_support/tagged_logging.rb:68:in `tagged'
  railties (4.1.0) lib/rails/rack/logger.rb:20:in `call'
  actionpack (4.1.0) lib/action_dispatch/middleware/request_id.rb:21:in `call'
  rack (1.5.2) lib/rack/methodoverride.rb:21:in `call'
  rack (1.5.2) lib/rack/runtime.rb:17:in `call'
  activesupport (4.1.0) lib/active_support/cache/strategy/local_cache_middleware.rb:26:in `call'
  rack (1.5.2) lib/rack/sendfile.rb:112:in `call'
  railties (4.1.0) lib/rails/engine.rb:514:in `call'
  railties (4.1.0) lib/rails/application.rb:144:in `call'
  unicorn (4.8.3) lib/unicorn/http_server.rb:576:in `process_client'
  unicorn (4.8.3) lib/unicorn/http_server.rb:670:in `worker_loop'
  unicorn (4.8.3) lib/unicorn/http_server.rb:525:in `spawn_missing_workers'
  unicorn (4.8.3) lib/unicorn/http_server.rb:140:in `start'
  unicorn (4.8.3) bin/unicorn_rails:209:in `<top (required)>'
  /home/erwinkarim/.rvm/gems/ruby-2.1.3/bin/unicorn_rails:23:in `load'
  /home/erwinkarim/.rvm/gems/ruby-2.1.3/bin/unicorn_rails:23:in `<main>'
  /home/erwinkarim/.rvm/gems/ruby-2.1.3/bin/ruby_executable_hooks:15:in `eval'
  /home/erwinkarim/.rvm/gems/ruby-2.1.3/bin/ruby_executable_hooks:15:in `<main>'


I, [2014-11-10T11:57:53.030470 #46128]  INFO -- : Started GET "/" for 192.168.234.1 at 2014-11-10 11:57:53 +0800
I, [2014-11-10T11:57:53.045614 #46128]  INFO -- : Processing by WelcomeController#index as HTML
I, [2014-11-10T11:57:53.073317 #46128]  INFO -- :   Rendered welcome/index.html.haml within layouts/application (8.1ms)
I, [2014-11-10T11:57:53.079656 #46128]  INFO -- :   Rendered /home/erwinkarim/.rvm/gems/ruby-2.1.3/gems/paloma-4.1.1/app/views/paloma/_hook.html.erb (1.1ms)
I, [2014-11-10T11:57:53.079934 #46128]  INFO -- : Completed 200 OK in 34ms (Views: 15.4ms | ActiveRecord: 0.0ms)
